生成启动时间为 2016/8/24 18:40:44。
     1>项目“F:\激光先进制造\opencv人脸检测\MearBook\MearBook\MearBook.vcxproj”在节点 2 上(build 个目标)。
     1>InitializeBuildStatus:
         正在创建“Debug\MearBook.unsuccessfulbuild”，因为已指定“AlwaysCreate”。
       ClCompile:
         所有输出均为最新。
         d:\Program Files (x86)\VS2010\VC\bin\CL.exe /c /ZI /nologo /W3 /WX- /Od /Oy- /D WIN32 /D _WINDOWS /D _DEBUG /D _MBCS /Gm /EHsc /RTC1 /MTd /GS /fp:precise /Zc:wchar_t /Zc:forScope /Yu"StdAfx.h" /Fp"Debug\MearBook.pch" /Fo"Debug\\" /Fd"Debug\vc100.pdb" /Gd /TP /analyze- /errorReport:prompt MearBook.cpp MearBookDlg.cpp
         MearBookDlg.cpp
     1>f:\激光先进制造\opencv人脸检测\mearbook\mearbook\mearbookdlg.cpp(200): warning C4018: “<”: 有符号/无符号不匹配
     1>f:\激光先进制造\opencv人脸检测\mearbook\mearbook\mearbookdlg.cpp(203): warning C4018: “>”: 有符号/无符号不匹配
         正在生成代码...
         正在编译...
         MearBook.cpp
         正在生成代码...
       ResourceCompile:
         C:\Program Files (x86)\Microsoft SDKs\Windows\v7.0A\bin\rc.exe /D _DEBUG /l"0x0804" /IDebug\ /nologo /fo"Debug\MearBook.res" MearBook.rc 
       ManifestResourceCompile:
         所有输出均为最新。
       Link:
         d:\Program Files (x86)\VS2010\VC\bin\link.exe /ERRORREPORT:PROMPT /OUT:"F:\激光先进制造\opencv人脸检测\MearBook\Debug\MearBook.exe" /INCREMENTAL /NOLOGO opencv_ml249.lib opencv_calib3d249.lib opencv_contrib249.lib opencv_core249.lib opencv_features2d249.lib opencv_flann249.lib opencv_gpu249.lib opencv_highgui249.lib opencv_imgproc249.lib opencv_legacy249.lib opencv_objdetect249.lib opencv_ts249.lib opencv_video249.lib opencv_nonfree249.lib opencv_ocl249.lib opencv_photo249.lib opencv_stitching249.lib opencv_superres249.lib opencv_videostab249.lib /MANIFEST /ManifestFile:"Debug\MearBook.exe.intermediate.manifest" /MANIFESTUAC:"level='asInvoker' uiAccess='false'" /DEBUG /PDB:"F:\激光先进制造\opencv人脸检测\MearBook\Debug\MearBook.pdb" /SUBSYSTEM:WINDOWS /TLBID:1 /DYNAMICBASE /NXCOMPAT /IMPLIB:"F:\激光先进制造\opencv人脸检测\MearBook\Debug\MearBook.lib" /MACHINE:X86 Debug\MearBook.res
         Debug\MearBook.exe.embed.manifest.res
         Debug\CvvImage.obj
         Debug\MearBook.obj
         Debug\MearBookDlg.obj
         Debug\stdafx.obj
       Manifest:
         C:\Program Files (x86)\Microsoft SDKs\Windows\v7.0A\bin\mt.exe /nologo /verbose /out:"Debug\MearBook.exe.embed.manifest" /manifest Debug\MearBook.exe.intermediate.manifest "d:\Program Files (x86)\VS2010\VC\Include\Manifest\dpiaware.manifest"
         所有输出均为最新。
       LinkEmbedManifest:
         所有输出均为最新。
         MearBook.vcxproj -> F:\激光先进制造\opencv人脸检测\MearBook\Debug\MearBook.exe
       FinalizeBuildStatus:
         正在删除文件“Debug\MearBook.unsuccessfulbuild”。
         正在对“Debug\MearBook.lastbuildstate”执行 Touch 任务。
     1>已完成生成项目“F:\激光先进制造\opencv人脸检测\MearBook\MearBook\MearBook.vcxproj”(build 个目标)的操作。

生成成功。

已用时间 00:00:27.60
