E:\编程文档\VS2010MFC\EXAMPLE28\DEBUG\EXAMPLE28.EXE
E:\编程文档\VS2010MFC\EXAMPLE28\DEBUG\EXAMPLE28.ILK
E:\编程文档\VS2010MFC\EXAMPLE28\DEBUG\EXAMPLE28.PDB
E:\编程文档\VS2010MFC\Example28\Example28\Debug\cl.command.1.tlog
E:\编程文档\VS2010MFC\Example28\Example28\Debug\CL.read.1.tlog
E:\编程文档\VS2010MFC\Example28\Example28\Debug\CL.write.1.tlog
E:\编程文档\VS2010MFC\EXAMPLE28\EXAMPLE28\DEBUG\EXAMPLE28.EXE.EMBED.MANIFEST
E:\编程文档\VS2010MFC\EXAMPLE28\EXAMPLE28\DEBUG\EXAMPLE28.EXE.EMBED.MANIFEST.RES
E:\编程文档\VS2010MFC\EXAMPLE28\EXAMPLE28\DEBUG\EXAMPLE28.EXE.INTERMEDIATE.MANIFEST
E:\编程文档\VS2010MFC\EXAMPLE28\EXAMPLE28\DEBUG\EXAMPLE28.OBJ
E:\编程文档\VS2010MFC\EXAMPLE28\EXAMPLE28\DEBUG\EXAMPLE28.PCH
E:\编程文档\VS2010MFC\EXAMPLE28\EXAMPLE28\DEBUG\EXAMPLE28.RES
E:\编程文档\VS2010MFC\Example28\Example28\Debug\Example28.vcxprojResolveAssemblyReference.cache
E:\编程文档\VS2010MFC\Example28\Example28\Debug\Example28.write.1.tlog
E:\编程文档\VS2010MFC\Example28\Example28\Debug\Example28_manifest.rc
E:\编程文档\VS2010MFC\EXAMPLE28\EXAMPLE28\DEBUG\EXAMPLE28DLG.OBJ
E:\编程文档\VS2010MFC\Example28\Example28\Debug\link.7152.read.1.tlog
E:\编程文档\VS2010MFC\Example28\Example28\Debug\link.7152.write.1.tlog
E:\编程文档\VS2010MFC\Example28\Example28\Debug\link.7152-cvtres.read.1.tlog
E:\编程文档\VS2010MFC\Example28\Example28\Debug\link.7152-cvtres.write.1.tlog
E:\编程文档\VS2010MFC\Example28\Example28\Debug\link.command.1.tlog
E:\编程文档\VS2010MFC\Example28\Example28\Debug\link.read.1.tlog
E:\编程文档\VS2010MFC\Example28\Example28\Debug\link.write.1.tlog
E:\编程文档\VS2010MFC\Example28\Example28\Debug\link-cvtres.read.1.tlog
E:\编程文档\VS2010MFC\Example28\Example28\Debug\link-cvtres.write.1.tlog
E:\编程文档\VS2010MFC\Example28\Example28\Debug\mt.command.1.tlog
E:\编程文档\VS2010MFC\Example28\Example28\Debug\mt.read.1.tlog
E:\编程文档\VS2010MFC\Example28\Example28\Debug\mt.write.1.tlog
E:\编程文档\VS2010MFC\Example28\Example28\Debug\rc.command.1.tlog
E:\编程文档\VS2010MFC\Example28\Example28\Debug\rc.read.1.tlog
E:\编程文档\VS2010MFC\Example28\Example28\Debug\rc.write.1.tlog
E:\编程文档\VS2010MFC\EXAMPLE28\EXAMPLE28\DEBUG\STDAFX.OBJ
E:\编程文档\VS2010MFC\Example28\Example28\Debug\vc100.idb
E:\编程文档\VS2010MFC\EXAMPLE28\EXAMPLE28\DEBUG\VC100.PDB
