生成启动时间为 2016/5/19 15:14:57。
     1>项目“F:\激光先进制造\opencv人脸检测\faceDetect\faceDetect\faceDetect.vcxproj”在节点 2 上(build 个目标)。
     1>InitializeBuildStatus:
         正在创建“Release\faceDetect.unsuccessfulbuild”，因为已指定“AlwaysCreate”。
       ClCompile:
         d:\Program Files (x86)\VS2010\VC\bin\CL.exe /c /Zi /nologo /W3 /WX- /O2 /Oi /Oy- /GL /D WIN32 /D NDEBUG /D _CONSOLE /D _UNICODE /D UNICODE /Gm- /EHsc /MD /GS /Gy /fp:precise /Zc:wchar_t /Zc:forScope /Fo"Release\\" /Fd"Release\vc100.pdb" /Gd /TP /analyze- /errorReport:prompt 1.cpp
         1.cpp
       Link:
         d:\Program Files (x86)\VS2010\VC\bin\link.exe /ERRORREPORT:PROMPT /OUT:"F:\激光先进制造\opencv人脸检测\faceDetect\Release\faceDetect.exe" /INCREMENTAL:NO /NOLOGO opencv_ml249.lib opencv_calib3d249.lib opencv_contrib249.lib opencv_core249.lib opencv_features2d249.lib opencv_flann249.lib opencv_gpu249.lib opencv_highgui249.lib opencv_imgproc249.lib opencv_legacy249.lib opencv_objdetect249.lib opencv_ts249.lib opencv_video249.lib opencv_nonfree249.lib opencv_ocl249.lib opencv_photo249.lib opencv_stitching249.lib opencv_superres249.lib opencv_videostab249.lib kernel32.lib user32.lib gdi32.lib winspool.lib comdlg32.lib advapi32.lib shell32.lib ole32.lib oleaut32.lib uuid.lib odbc32.lib odbccp32.lib /MANIFEST /ManifestFile:"Release\faceDetect.exe.intermediate.manifest" /MANIFESTUAC:"level='asInvoker' uiAccess='false'" /DEBUG /PDB:"F:\激光先进制造\opencv人脸检测\faceDetect\Release\faceDetect.pdb" /SUBSYSTEM:CONSOLE /OPT:REF /OPT:ICF /LTCG /TLBID:1 /DYNAMICBASE /NXCOMPAT /IMPLIB:"F:\激光先进制造\opencv人脸检测\faceDetect\Release\faceDetect.lib" /MACHINE:X86 Release\1.obj
         正在生成代码
         已完成代码的生成
         faceDetect.vcxproj -> F:\激光先进制造\opencv人脸检测\faceDetect\Release\faceDetect.exe
       Manifest:
         C:\Program Files (x86)\Microsoft SDKs\Windows\v7.0A\bin\mt.exe /nologo /verbose /outputresource:"F:\激光先进制造\opencv人脸检测\faceDetect\Release\faceDetect.exe;#1" /manifest Release\faceDetect.exe.intermediate.manifest
       FinalizeBuildStatus:
         正在删除文件“Release\faceDetect.unsuccessfulbuild”。
         正在对“Release\faceDetect.lastbuildstate”执行 Touch 任务。
     1>已完成生成项目“F:\激光先进制造\opencv人脸检测\faceDetect\faceDetect\faceDetect.vcxproj”(build 个目标)的操作。

生成成功。

已用时间 00:00:04.77
