E:\MFC项目\DrawImage\DrawImage\x64\Debug\cl.command.1.tlog
E:\MFC项目\DrawImage\DrawImage\x64\Debug\CL.read.1.tlog
E:\MFC项目\DrawImage\DrawImage\x64\Debug\CL.write.1.tlog
E:\MFC项目\DRAWIMAGE\DRAWIMAGE\X64\DEBUG\CLASSVIEW.OBJ
E:\MFC项目\DRAWIMAGE\DRAWIMAGE\X64\DEBUG\CVVIMAGE.OBJ
E:\MFC项目\DRAWIMAGE\DRAWIMAGE\X64\DEBUG\DRAWIMAGE.EXE.EMBED.MANIFEST
E:\MFC项目\DRAWIMAGE\DRAWIMAGE\X64\DEBUG\DRAWIMAGE.EXE.EMBED.MANIFEST.RES
E:\MFC项目\DRAWIMAGE\DRAWIMAGE\X64\DEBUG\DRAWIMAGE.EXE.INTERMEDIATE.MANIFEST
E:\MFC项目\DRAWIMAGE\DRAWIMAGE\X64\DEBUG\DRAWIMAGE.OBJ
E:\MFC项目\DRAWIMAGE\DRAWIMAGE\X64\DEBUG\DRAWIMAGE.PCH
E:\MFC项目\DRAWIMAGE\DRAWIMAGE\X64\DEBUG\DRAWIMAGE.RES
E:\MFC项目\DrawImage\DrawImage\x64\Debug\DrawImage.write.1.tlog
E:\MFC项目\DrawImage\DrawImage\x64\Debug\DrawImage_manifest.rc
E:\MFC项目\DRAWIMAGE\DRAWIMAGE\X64\DEBUG\DRAWIMAGEDOC.OBJ
E:\MFC项目\DRAWIMAGE\DRAWIMAGE\X64\DEBUG\DRAWIMAGEVIEW.OBJ
E:\MFC项目\DRAWIMAGE\DRAWIMAGE\X64\DEBUG\FILEVIEW.OBJ
E:\MFC项目\DrawImage\DrawImage\x64\Debug\link.command.1.tlog
E:\MFC项目\DrawImage\DrawImage\x64\Debug\link.read.1.tlog
E:\MFC项目\DrawImage\DrawImage\x64\Debug\link.write.1.tlog
E:\MFC项目\DrawImage\DrawImage\x64\Debug\link-cvtres.read.1.tlog
E:\MFC项目\DrawImage\DrawImage\x64\Debug\link-cvtres.write.1.tlog
E:\MFC项目\DRAWIMAGE\DRAWIMAGE\X64\DEBUG\MAINFRM.OBJ
E:\MFC项目\DrawImage\DrawImage\x64\Debug\mt.command.1.tlog
E:\MFC项目\DrawImage\DrawImage\x64\Debug\mt.read.1.tlog
E:\MFC项目\DrawImage\DrawImage\x64\Debug\mt.write.1.tlog
E:\MFC项目\DRAWIMAGE\DRAWIMAGE\X64\DEBUG\MYFORMDLG.OBJ
E:\MFC项目\DRAWIMAGE\DRAWIMAGE\X64\DEBUG\OUTPUTWND.OBJ
E:\MFC项目\DRAWIMAGE\DRAWIMAGE\X64\DEBUG\PROPERTIESWND.OBJ
E:\MFC项目\DrawImage\DrawImage\x64\Debug\rc.command.1.tlog
E:\MFC项目\DrawImage\DrawImage\x64\Debug\rc.read.1.tlog
E:\MFC项目\DrawImage\DrawImage\x64\Debug\rc.write.1.tlog
E:\MFC项目\DRAWIMAGE\DRAWIMAGE\X64\DEBUG\STDAFX.OBJ
E:\MFC项目\DrawImage\DrawImage\x64\Debug\vc100.idb
E:\MFC项目\DRAWIMAGE\DRAWIMAGE\X64\DEBUG\VC100.PDB
E:\MFC项目\DRAWIMAGE\DRAWIMAGE\X64\DEBUG\VIEWTREE.OBJ
E:\MFC项目\DRAWIMAGE\X64\DEBUG\DRAWIMAGE.EXE
E:\MFC项目\DRAWIMAGE\X64\DEBUG\DRAWIMAGE.ILK
E:\MFC项目\DRAWIMAGE\X64\DEBUG\DRAWIMAGE.PDB
