生成启动时间为 2017/4/19 10:08:06。
     1>项目“E:\MFC项目\DrawImage\DrawImage\DrawImage.vcxproj”在节点 2 上(build 个目标)。
     1>InitializeBuildStatus:
         正在创建“x64\Debug\DrawImage.unsuccessfulbuild”，因为已指定“AlwaysCreate”。
       ClCompile:
         所有输出均为最新。
         d:\Program Files (x86)\VS2010\VC\bin\x86_amd64\CL.exe /c /Zi /nologo /W3 /WX- /Od /D WIN32 /D _WINDOWS /D _DEBUG /D _MBCS /D _AFXDLL /Gm /EHsc /RTC1 /MD /GS /fp:precise /Zc:wchar_t /Zc:forScope /Yu"StdAfx.h" /Fp"x64\Debug\DrawImage.pch" /Fo"x64\Debug\\" /Fd"x64\Debug\vc100.pdb" /Gd /TP /errorReport:prompt MyFormDlg.cpp
         MyFormDlg.cpp
       ResourceCompile:
         所有输出均为最新。
       ManifestResourceCompile:
         所有输出均为最新。
       Link:
         d:\Program Files (x86)\VS2010\VC\bin\x86_amd64\link.exe /ERRORREPORT:PROMPT /OUT:"E:\MFC项目\DrawImage\x64\Debug\DrawImage.exe" /INCREMENTAL /NOLOGO opencv_ml249d.lib opencv_calib3d249d.lib opencv_contrib249d.lib opencv_core249d.lib opencv_features2d249d.lib opencv_flann249d.lib opencv_gpu249d.lib opencv_highgui249d.lib opencv_imgproc249d.lib opencv_legacy249d.lib opencv_objdetect249d.lib opencv_ts249d.lib opencv_video249d.lib opencv_nonfree249d.lib opencv_ocl249d.lib opencv_photo249d.lib opencv_stitching249d.lib opencv_superres249d.lib opencv_videostab249d.lib opencv_objdetect249.lib opencv_ts249.lib opencv_video249.lib opencv_nonfree249.lib opencv_ocl249.lib opencv_photo249.lib opencv_stitching249.lib opencv_superres249.lib opencv_videostab249.lib opencv_calib3d249.lib opencv_contrib249.lib opencv_core249.lib opencv_features2d249.lib opencv_flann249.lib opencv_gpu249.lib opencv_highgui249.lib opencv_imgproc249.lib opencv_legacy249.lib opencv_ml249.lib /MANIFEST /ManifestFile:"x64\Debug\DrawImage.exe.intermediate.manifest" /MANIFESTUAC:"level='asInvoker' uiAccess='false'" /DEBUG /PDB:"E:\MFC项目\DrawImage\x64\Debug\DrawImage.pdb" /SUBSYSTEM:WINDOWS /TLBID:1 /DYNAMICBASE /NXCOMPAT /IMPLIB:"E:\MFC项目\DrawImage\x64\Debug\DrawImage.lib" /MACHINE:X64 x64\Debug\DrawImage.res
         x64\Debug\DrawImage.exe.embed.manifest.res
         x64\Debug\ClassView.obj
         x64\Debug\CvvImage.obj
         x64\Debug\DrawImage.obj
         x64\Debug\DrawImageDoc.obj
         x64\Debug\DrawImageView.obj
         x64\Debug\FileView.obj
         x64\Debug\MainFrm.obj
         x64\Debug\MyFormDlg.obj
         x64\Debug\OutputWnd.obj
         x64\Debug\PropertiesWnd.obj
         x64\Debug\stdafx.obj
         x64\Debug\ViewTree.obj
         DrawImage.vcxproj -> E:\MFC项目\DrawImage\x64\Debug\DrawImage.exe
       Manifest:
         C:\Program Files (x86)\Microsoft SDKs\Windows\v7.0A\bin\mt.exe /nologo /verbose /out:"x64\Debug\DrawImage.exe.embed.manifest" /manifest x64\Debug\DrawImage.exe.intermediate.manifest "d:\Program Files (x86)\VS2010\VC\Include\Manifest\dpiaware.manifest"
         所有输出均为最新。
       LinkEmbedManifest:
         所有输出均为最新。
         DrawImage.vcxproj -> E:\MFC项目\DrawImage\x64\Debug\DrawImage.exe
       FinalizeBuildStatus:
         正在删除文件“x64\Debug\DrawImage.unsuccessfulbuild”。
         正在对“x64\Debug\DrawImage.lastbuildstate”执行 Touch 任务。
     1>已完成生成项目“E:\MFC项目\DrawImage\DrawImage\DrawImage.vcxproj”(build 个目标)的操作。

生成成功。

已用时间 00:00:04.12
