生成启动时间为 2015/11/5 8:33:14。
     1>项目“E:\编程文档\VS2010MFC\Example26\Example26\Example26.vcxproj”在节点 2 上(rebuild 个目标)。
     1>_PrepareForClean:
         正在删除文件“Debug\Example26.lastbuildstate”。
       InitializeBuildStatus:
         正在对“Debug\Example26.unsuccessfulbuild”执行 Touch 任务。
       ClCompile:
         d:\Program Files (x86)\VS2010\VC\bin\CL.exe /c /ZI /nologo /W3 /WX- /Od /Oy- /D WIN32 /D _WINDOWS /D _DEBUG /D _UNICODE /D UNICODE /D _AFXDLL /Gm /EHsc /RTC1 /MDd /GS /fp:precise /Zc:wchar_t /Zc:forScope /Yc"StdAfx.h" /Fp"Debug\Example26.pch" /Fo"Debug\\" /Fd"Debug\vc100.pdb" /Gd /TP /analyze- /errorReport:prompt stdafx.cpp
         stdafx.cpp
         d:\Program Files (x86)\VS2010\VC\bin\CL.exe /c /ZI /nologo /W3 /WX- /Od /Oy- /D WIN32 /D _WINDOWS /D _DEBUG /D _UNICODE /D UNICODE /D _AFXDLL /Gm /EHsc /RTC1 /MDd /GS /fp:precise /Zc:wchar_t /Zc:forScope /Yu"StdAfx.h" /Fp"Debug\Example26.pch" /Fo"Debug\\" /Fd"Debug\vc100.pdb" /Gd /TP /analyze- /errorReport:prompt Example26.cpp Example26Dlg.cpp
         Example26Dlg.cpp
         Example26.cpp
         正在生成代码...
       ResourceCompile:
         C:\Program Files (x86)\Microsoft SDKs\Windows\v7.0A\bin\rc.exe /D _DEBUG /D _UNICODE /D UNICODE /D _AFXDLL /l"0x0804" /IDebug\ /nologo /fo"Debug\Example26.res" Example26.rc 
       ManifestResourceCompile:
         C:\Program Files (x86)\Microsoft SDKs\Windows\v7.0A\bin\rc.exe /nologo /fo"Debug\Example26.exe.embed.manifest.res" Debug\Example26_manifest.rc 
       Link:
         d:\Program Files (x86)\VS2010\VC\bin\link.exe /ERRORREPORT:PROMPT /OUT:"E:\编程文档\VS2010MFC\Example26\Debug\Example26.exe" /INCREMENTAL /NOLOGO opencv_ml249.lib opencv_calib3d249.lib opencv_contrib249.lib opencv_core249.lib opencv_features2d249.lib opencv_flann249.lib opencv_gpu249.lib opencv_highgui249.lib opencv_imgproc249.lib opencv_legacy249.lib opencv_objdetect249.lib opencv_ts249.lib opencv_video249.lib opencv_nonfree249.lib opencv_ocl249.lib opencv_photo249.lib opencv_stitching249.lib opencv_superres249.lib opencv_videostab249.lib /MANIFEST /ManifestFile:"Debug\Example26.exe.intermediate.manifest" /MANIFESTUAC:"level='asInvoker' uiAccess='false'" /DEBUG /PDB:"E:\编程文档\VS2010MFC\Example26\Debug\Example26.pdb" /SUBSYSTEM:WINDOWS /TLBID:1 /ENTRY:"wWinMainCRTStartup" /DYNAMICBASE /NXCOMPAT /IMPLIB:"E:\编程文档\VS2010MFC\Example26\Debug\Example26.lib" /MACHINE:X86 Debug\Example26.res
         Debug\Example26.exe.embed.manifest.res
         Debug\Example26.obj
         Debug\Example26Dlg.obj
         Debug\stdafx.obj
       Manifest:
         正在删除文件“Debug\Example26.exe.embed.manifest”。
         C:\Program Files (x86)\Microsoft SDKs\Windows\v7.0A\bin\mt.exe /nologo /verbose /out:"Debug\Example26.exe.embed.manifest" /manifest Debug\Example26.exe.intermediate.manifest "d:\Program Files (x86)\VS2010\VC\Include\Manifest\dpiaware.manifest"
         C:\Program Files (x86)\Microsoft SDKs\Windows\v7.0A\bin\rc.exe /nologo /fo"Debug\Example26.exe.embed.manifest.res" Debug\Example26_manifest.rc 
       LinkEmbedManifest:
         d:\Program Files (x86)\VS2010\VC\bin\link.exe /ERRORREPORT:PROMPT /OUT:"E:\编程文档\VS2010MFC\Example26\Debug\Example26.exe" /INCREMENTAL /NOLOGO opencv_ml249.lib opencv_calib3d249.lib opencv_contrib249.lib opencv_core249.lib opencv_features2d249.lib opencv_flann249.lib opencv_gpu249.lib opencv_highgui249.lib opencv_imgproc249.lib opencv_legacy249.lib opencv_objdetect249.lib opencv_ts249.lib opencv_video249.lib opencv_nonfree249.lib opencv_ocl249.lib opencv_photo249.lib opencv_stitching249.lib opencv_superres249.lib opencv_videostab249.lib /MANIFEST /ManifestFile:"Debug\Example26.exe.intermediate.manifest" /MANIFESTUAC:"level='asInvoker' uiAccess='false'" /DEBUG /PDB:"E:\编程文档\VS2010MFC\Example26\Debug\Example26.pdb" /SUBSYSTEM:WINDOWS /TLBID:1 /ENTRY:"wWinMainCRTStartup" /DYNAMICBASE /NXCOMPAT /IMPLIB:"E:\编程文档\VS2010MFC\Example26\Debug\Example26.lib" /MACHINE:X86 Debug\Example26.res
         Debug\Example26.exe.embed.manifest.res
         Debug\Example26.obj
         Debug\Example26Dlg.obj
         Debug\stdafx.obj
         Example26.vcxproj -> E:\编程文档\VS2010MFC\Example26\Debug\Example26.exe
       FinalizeBuildStatus:
         正在删除文件“Debug\Example26.unsuccessfulbuild”。
         正在对“Debug\Example26.lastbuildstate”执行 Touch 任务。
     1>已完成生成项目“E:\编程文档\VS2010MFC\Example26\Example26\Example26.vcxproj”(rebuild 个目标)的操作。

生成成功。

已用时间 00:00:09.78
