E:\MFC项目\TeeChart\Debug\TeeChart.pdb
E:\MFC项目\TEECHART\TEECHART\DEBUG\CHARTCTRL.OBJ
E:\MFC项目\TeeChart\TeeChart\Debug\cl.command.1.tlog
E:\MFC项目\TeeChart\TeeChart\Debug\CL.read.1.tlog
E:\MFC项目\TeeChart\TeeChart\Debug\CL.write.1.tlog
E:\MFC项目\TeeChart\TeeChart\Debug\link.command.1.tlog
E:\MFC项目\TeeChart\TeeChart\Debug\link.read.1.tlog
E:\MFC项目\TeeChart\TeeChart\Debug\link.write.1.tlog
E:\MFC项目\TeeChart\TeeChart\Debug\link-cvtres.read.1.tlog
E:\MFC项目\TeeChart\TeeChart\Debug\link-cvtres.write.1.tlog
E:\MFC项目\TeeChart\TeeChart\Debug\rc.command.1.tlog
E:\MFC项目\TeeChart\TeeChart\Debug\rc.read.1.tlog
E:\MFC项目\TeeChart\TeeChart\Debug\rc.write.1.tlog
E:\MFC项目\TEECHART\TEECHART\DEBUG\STDAFX.OBJ
E:\MFC项目\TeeChart\TeeChart\Debug\TeeChart.exe.embed.manifest
E:\MFC项目\TEECHART\TEECHART\DEBUG\TEECHART.EXE.EMBED.MANIFEST.RES
E:\MFC项目\TeeChart\TeeChart\Debug\TeeChart.exe.intermediate.manifest
E:\MFC项目\TEECHART\TEECHART\DEBUG\TEECHART.OBJ
E:\MFC项目\TEECHART\TEECHART\DEBUG\TEECHART.PCH
E:\MFC项目\TEECHART\TEECHART\DEBUG\TEECHART.RES
E:\MFC项目\TeeChart\TeeChart\Debug\TeeChart_manifest.rc
E:\MFC项目\TEECHART\TEECHART\DEBUG\TEECHARTDLG.OBJ
E:\MFC项目\TeeChart\TeeChart\Debug\vc100.idb
E:\MFC项目\TEECHART\TEECHART\DEBUG\VC100.PDB
