生成启动时间为 2015/10/31 23:19:38。
     1>项目“E:\编程文档\VS2010MFC\Example21\Example21\Example21.vcxproj”在节点 2 上(build 个目标)。
     1>InitializeBuildStatus:
         正在创建“Debug\Example21.unsuccessfulbuild”，因为已指定“AlwaysCreate”。
       ClCompile:
         所有输出均为最新。
         d:\Program Files (x86)\VS2010\VC\bin\CL.exe /c /ZI /nologo /W3 /WX- /Od /Oy- /D WIN32 /D _WINDOWS /D _DEBUG /D _UNICODE /D UNICODE /D _AFXDLL /Gm /EHsc /RTC1 /MDd /GS /fp:precise /Zc:wchar_t /Zc:forScope /Yu"StdAfx.h" /Fp"Debug\Example21.pch" /Fo"Debug\\" /Fd"Debug\vc100.pdb" /Gd /TP /analyze- /errorReport:prompt Example21Dlg.cpp
         Example21Dlg.cpp
       ResourceCompile:
         所有输出均为最新。
       ManifestResourceCompile:
         所有输出均为最新。
       Link:
         d:\Program Files (x86)\VS2010\VC\bin\link.exe /ERRORREPORT:PROMPT /OUT:"E:\编程文档\VS2010MFC\Example21\Debug\Example21.exe" /INCREMENTAL /NOLOGO opencv_ml249.lib opencv_calib3d249.lib opencv_contrib249.lib opencv_core249.lib opencv_features2d249.lib opencv_flann249.lib opencv_gpu249.lib opencv_highgui249.lib opencv_imgproc249.lib opencv_legacy249.lib opencv_objdetect249.lib opencv_ts249.lib opencv_video249.lib opencv_nonfree249.lib opencv_ocl249.lib opencv_photo249.lib opencv_stitching249.lib opencv_superres249.lib opencv_videostab249.lib /MANIFEST /ManifestFile:"Debug\Example21.exe.intermediate.manifest" /MANIFESTUAC:"level='asInvoker' uiAccess='false'" /DEBUG /PDB:"E:\编程文档\VS2010MFC\Example21\Debug\Example21.pdb" /SUBSYSTEM:WINDOWS /TLBID:1 /ENTRY:"wWinMainCRTStartup" /DYNAMICBASE /NXCOMPAT /IMPLIB:"E:\编程文档\VS2010MFC\Example21\Debug\Example21.lib" /MACHINE:X86 Debug\Example21.res
         Debug\Example21.exe.embed.manifest.res
         Debug\Example21.obj
         Debug\Example21Dlg.obj
         Debug\stdafx.obj
       Manifest:
         C:\Program Files (x86)\Microsoft SDKs\Windows\v7.0A\bin\mt.exe /nologo /verbose /out:"Debug\Example21.exe.embed.manifest" /manifest Debug\Example21.exe.intermediate.manifest "d:\Program Files (x86)\VS2010\VC\Include\Manifest\dpiaware.manifest"
         所有输出均为最新。
       LinkEmbedManifest:
         所有输出均为最新。
         Example21.vcxproj -> E:\编程文档\VS2010MFC\Example21\Debug\Example21.exe
       FinalizeBuildStatus:
         正在删除文件“Debug\Example21.unsuccessfulbuild”。
         正在对“Debug\Example21.lastbuildstate”执行 Touch 任务。
     1>已完成生成项目“E:\编程文档\VS2010MFC\Example21\Example21\Example21.vcxproj”(build 个目标)的操作。

生成成功。

已用时间 00:00:01.02
