生成启动时间为 2016/8/24 20:58:31。
     1>项目“F:\激光先进制造\opencv人脸检测\MearBook\MearBook\MearBook.vcxproj”在节点 2 上(build 个目标)。
     1>InitializeBuildStatus:
         正在对“Release\MearBook.unsuccessfulbuild”执行 Touch 任务。
       ClCompile:
         d:\Program Files (x86)\VS2010\VC\bin\CL.exe /c /Zi /nologo /W3 /WX- /O2 /Oi /Oy- /GL /D WIN32 /D _WINDOWS /D NDEBUG /D _MBCS /D _AFXDLL /Gm- /EHsc /MD /GS /Gy /fp:precise /Zc:wchar_t /Zc:forScope /Yc"StdAfx.h" /Fp"Release\MearBook.pch" /Fo"Release\\" /Fd"Release\vc100.pdb" /Gd /TP /analyze- /errorReport:prompt stdafx.cpp
         stdafx.cpp
         d:\Program Files (x86)\VS2010\VC\bin\CL.exe /c /Zi /nologo /W3 /WX- /O2 /Oi /Oy- /GL /D WIN32 /D _WINDOWS /D NDEBUG /D _MBCS /D _AFXDLL /Gm- /EHsc /MD /GS /Gy /fp:precise /Zc:wchar_t /Zc:forScope /Yu"StdAfx.h" /Fp"Release\MearBook.pch" /Fo"Release\\" /Fd"Release\vc100.pdb" /Gd /TP /analyze- /errorReport:prompt CvvImage.cpp MearBook.cpp MearBookDlg.cpp
         CvvImage.cpp
         MearBook.cpp
         MearBookDlg.cpp
     1>MearBookDlg.cpp(203): warning C4018: “<”: 有符号/无符号不匹配
     1>MearBookDlg.cpp(206): warning C4018: “>”: 有符号/无符号不匹配
       ResourceCompile:
         所有输出均为最新。
         C:\Program Files (x86)\Microsoft SDKs\Windows\v7.0A\bin\rc.exe /D NDEBUG /D _AFXDLL /l"0x0804" /IRelease\ /nologo /fo"Release\MearBook.res" MearBook.rc 
       Link:
         d:\Program Files (x86)\VS2010\VC\bin\link.exe /ERRORREPORT:PROMPT /OUT:"F:\激光先进制造\opencv人脸检测\MearBook\Release\MearBook.exe" /INCREMENTAL:NO /NOLOGO opencv_ml249.lib opencv_calib3d249.lib opencv_contrib249.lib opencv_core249.lib opencv_features2d249.lib opencv_flann249.lib opencv_gpu249.lib opencv_highgui249.lib opencv_imgproc249.lib opencv_legacy249.lib opencv_objdetect249.lib opencv_ts249.lib opencv_video249.lib opencv_nonfree249.lib opencv_ocl249.lib opencv_photo249.lib opencv_stitching249.lib opencv_superres249.lib opencv_videostab249.lib /MANIFEST /ManifestFile:"Release\MearBook.exe.intermediate.manifest" /MANIFESTUAC:"level='asInvoker' uiAccess='false'" /DEBUG /PDB:"F:\激光先进制造\opencv人脸检测\MearBook\Release\MearBook.pdb" /SUBSYSTEM:WINDOWS /OPT:REF /OPT:ICF /LTCG /TLBID:1 /DYNAMICBASE /NXCOMPAT /IMPLIB:"F:\激光先进制造\opencv人脸检测\MearBook\Release\MearBook.lib" /MACHINE:X86 Release\MearBook.res
         Release\CvvImage.obj
         Release\MearBook.obj
         Release\MearBookDlg.obj
         Release\stdafx.obj
         正在生成代码
         已完成代码的生成
         MearBook.vcxproj -> F:\激光先进制造\opencv人脸检测\MearBook\Release\MearBook.exe
       Manifest:
         C:\Program Files (x86)\Microsoft SDKs\Windows\v7.0A\bin\mt.exe /nologo /verbose /outputresource:"F:\激光先进制造\opencv人脸检测\MearBook\Release\MearBook.exe;#1" /manifest Release\MearBook.exe.intermediate.manifest "d:\Program Files (x86)\VS2010\VC\Include\Manifest\dpiaware.manifest"
       FinalizeBuildStatus:
         正在删除文件“Release\MearBook.unsuccessfulbuild”。
         正在对“Release\MearBook.lastbuildstate”执行 Touch 任务。
     1>已完成生成项目“F:\激光先进制造\opencv人脸检测\MearBook\MearBook\MearBook.vcxproj”(build 个目标)的操作。

生成成功。

已用时间 00:00:18.87
