生成启动时间为 2017/7/20 18:48:42。
     1>项目“E:\MFC项目\TeeChart\TeeChart\TeeChart.vcxproj”在节点 2 上(build 个目标)。
     1>InitializeBuildStatus:
         正在对“x64\Release\TeeChart.unsuccessfulbuild”执行 Touch 任务。
       ClCompile:
         所有输出均为最新。
         D:\Program Files (x86)\Microsoft Visual Studio 10.0\VC\bin\x86_amd64\CL.exe /c /Zi /nologo /W3 /WX- /O2 /Oi /GL /D WIN32 /D _WINDOWS /D NDEBUG /D _MBCS /D _AFXDLL /Gm- /EHsc /MD /GS /Gy /fp:precise /Zc:wchar_t /Zc:forScope /Yu"StdAfx.h" /Fp"x64\Release\TeeChart.pch" /Fo"x64\Release\\" /Fd"x64\Release\vc100.pdb" /Gd /TP /errorReport:prompt ChartClass\ChartCtrl.cpp
         ChartCtrl.cpp
       ResourceCompile:
         C:\Program Files (x86)\Microsoft SDKs\Windows\v7.0A\bin\rc.exe /D NDEBUG /D _AFXDLL /l"0x0804" /Ix64\Release\ /nologo /fo"x64\Release\TeeChart.res" TeeChart.rc 
       Link:
         D:\Program Files (x86)\Microsoft Visual Studio 10.0\VC\bin\x86_amd64\link.exe /ERRORREPORT:PROMPT /OUT:"E:\MFC项目\TeeChart\x64\Release\TeeChart.exe" /INCREMENTAL:NO /NOLOGO opencv_ml249d.lib opencv_calib3d249d.lib opencv_contrib249d.lib opencv_core249d.lib opencv_features2d249d.lib opencv_flann249d.lib opencv_gpu249d.lib opencv_highgui249d.lib opencv_imgproc249d.lib opencv_legacy249d.lib opencv_objdetect249d.lib opencv_ts249d.lib opencv_video249d.lib opencv_nonfree249d.lib opencv_ocl249d.lib opencv_photo249d.lib opencv_stitching249d.lib opencv_superres249d.lib opencv_videostab249d.lib opencv_objdetect249.lib opencv_ts249.lib opencv_video249.lib opencv_nonfree249.lib opencv_ocl249.lib opencv_photo249.lib opencv_stitching249.lib opencv_superres249.lib opencv_videostab249.lib opencv_calib3d249.lib opencv_contrib249.lib opencv_core249.lib opencv_features2d249.lib opencv_flann249.lib opencv_gpu249.lib opencv_highgui249.lib opencv_imgproc249.lib opencv_legacy249.lib opencv_ml249.lib /MANIFEST /ManifestFile:"x64\Release\TeeChart.exe.intermediate.manifest" /MANIFESTUAC:"level='asInvoker' uiAccess='false'" /DEBUG /PDB:"E:\MFC项目\TeeChart\x64\Release\TeeChart.pdb" /SUBSYSTEM:WINDOWS /OPT:REF /OPT:ICF /LTCG /TLBID:1 /DYNAMICBASE /NXCOMPAT /IMPLIB:"E:\MFC项目\TeeChart\x64\Release\TeeChart.lib" /MACHINE:X64 x64\Release\TeeChart.res
         x64\Release\ChartAxis.obj
         x64\Release\ChartAxisLabel.obj
         x64\Release\ChartBarSerie.obj
         x64\Release\ChartCandlestickSerie.obj
         x64\Release\ChartCrossHairCursor.obj
         x64\Release\ChartCtrl.obj
         x64\Release\ChartCursor.obj
         x64\Release\ChartDateTimeAxis.obj
         x64\Release\ChartDragLineCursor.obj
         x64\Release\ChartFont.obj
         x64\Release\ChartGanttSerie.obj
         x64\Release\ChartGradient.obj
         x64\Release\ChartGrid.obj
         x64\Release\ChartLegend.obj
         x64\Release\ChartLineSerie.obj
         x64\Release\ChartLogarithmicAxis.obj
         x64\Release\ChartPointsSerie.obj
         x64\Release\ChartScrollBar.obj
         x64\Release\ChartSerie.obj
         x64\Release\ChartStandardAxis.obj
         x64\Release\ChartSurfaceSerie.obj
         x64\Release\ChartTitle.obj
         x64\Release\ChartXYSerie.obj
         x64\Release\stdafx.obj
         x64\Release\TeeChart.obj
         x64\Release\TeeChartDlg.obj
         正在生成代码
         已完成代码的生成
         TeeChart.vcxproj -> E:\MFC项目\TeeChart\x64\Release\TeeChart.exe
       Manifest:
         C:\Program Files (x86)\Microsoft SDKs\Windows\v7.0A\bin\mt.exe /nologo /verbose /outputresource:"E:\MFC项目\TeeChart\x64\Release\TeeChart.exe;#1" /manifest x64\Release\TeeChart.exe.intermediate.manifest "D:\Program Files (x86)\Microsoft Visual Studio 10.0\VC\Include\Manifest\dpiaware.manifest"
       FinalizeBuildStatus:
         正在删除文件“x64\Release\TeeChart.unsuccessfulbuild”。
         正在对“x64\Release\TeeChart.lastbuildstate”执行 Touch 任务。
     1>已完成生成项目“E:\MFC项目\TeeChart\TeeChart\TeeChart.vcxproj”(build 个目标)的操作。

生成成功。

已用时间 00:00:40.48
