生成启动时间为 2015/11/10 22:37:47。
     1>项目“E:\编程文档\VS2010MFC\Example31\Example31\Example31.vcxproj”在节点 2 上(build 个目标)。
     1>InitializeBuildStatus:
         正在对“Debug\Example31.unsuccessfulbuild”执行 Touch 任务。
       ClCompile:
         所有输出均为最新。
         d:\Program Files (x86)\VS2010\VC\bin\CL.exe /c /ZI /nologo /W3 /WX- /Od /Oy- /D WIN32 /D _WINDOWS /D _DEBUG /D _UNICODE /D UNICODE /D _AFXDLL /Gm /EHsc /RTC1 /MDd /GS /fp:precise /Zc:wchar_t /Zc:forScope /Yu"StdAfx.h" /Fp"Debug\Example31.pch" /Fo"Debug\\" /Fd"Debug\vc100.pdb" /Gd /TP /analyze- /errorReport:prompt Example31.cpp Example31View.cpp MainFrm.cpp
         MainFrm.cpp
         正在生成代码...
         正在编译...
         Example31View.cpp
         Example31.cpp
         正在生成代码...
       ResourceCompile:
         所有输出均为最新。
       ManifestResourceCompile:
         所有输出均为最新。
       Link:
         d:\Program Files (x86)\VS2010\VC\bin\link.exe /ERRORREPORT:PROMPT /OUT:"E:\编程文档\VS2010MFC\Example31\Debug\Example31.exe" /INCREMENTAL /NOLOGO opencv_ml249.lib opencv_calib3d249.lib opencv_contrib249.lib opencv_core249.lib opencv_features2d249.lib opencv_flann249.lib opencv_gpu249.lib opencv_highgui249.lib opencv_imgproc249.lib opencv_legacy249.lib opencv_objdetect249.lib opencv_ts249.lib opencv_video249.lib opencv_nonfree249.lib opencv_ocl249.lib opencv_photo249.lib opencv_stitching249.lib opencv_superres249.lib opencv_videostab249.lib /MANIFEST /ManifestFile:"Debug\Example31.exe.intermediate.manifest" /MANIFESTUAC:"level='asInvoker' uiAccess='false'" /DEBUG /PDB:"E:\编程文档\VS2010MFC\Example31\Debug\Example31.pdb" /SUBSYSTEM:WINDOWS /TLBID:1 /ENTRY:"wWinMainCRTStartup" /DYNAMICBASE /NXCOMPAT /IMPLIB:"E:\编程文档\VS2010MFC\Example31\Debug\Example31.lib" /MACHINE:X86 Debug\Example31.res
         Debug\Example31.exe.embed.manifest.res
         Debug\ClassView.obj
         Debug\Example31.obj
         Debug\Example31Doc.obj
         Debug\Example31View.obj
         Debug\FileView.obj
         Debug\MainFrm.obj
         Debug\OutputWnd.obj
         Debug\PropertiesWnd.obj
         Debug\stdafx.obj
         Debug\ViewTree.obj
       Manifest:
         C:\Program Files (x86)\Microsoft SDKs\Windows\v7.0A\bin\mt.exe /nologo /verbose /out:"Debug\Example31.exe.embed.manifest" /manifest Debug\Example31.exe.intermediate.manifest "d:\Program Files (x86)\VS2010\VC\Include\Manifest\dpiaware.manifest"
         所有输出均为最新。
       LinkEmbedManifest:
         所有输出均为最新。
         Example31.vcxproj -> E:\编程文档\VS2010MFC\Example31\Debug\Example31.exe
       FinalizeBuildStatus:
         正在删除文件“Debug\Example31.unsuccessfulbuild”。
         正在对“Debug\Example31.lastbuildstate”执行 Touch 任务。
     1>已完成生成项目“E:\编程文档\VS2010MFC\Example31\Example31\Example31.vcxproj”(build 个目标)的操作。

生成成功。

已用时间 00:00:01.54
