生成启动时间为 2017/4/18 17:12:12。
     1>项目“E:\MFC项目\DrawImage\DrawImage\DrawImage.vcxproj”在节点 2 上(build 个目标)。
     1>InitializeBuildStatus:
         正在创建“Debug\DrawImage.unsuccessfulbuild”，因为已指定“AlwaysCreate”。
       ClCompile:
         所有输出均为最新。
         d:\Program Files (x86)\VS2010\VC\bin\CL.exe /c /ZI /nologo /W3 /WX- /Od /Oy- /D WIN32 /D _WINDOWS /D _DEBUG /D _MBCS /D _AFXDLL /Gm /EHsc /RTC1 /MD /GS /fp:precise /Zc:wchar_t /Zc:forScope /Yu"StdAfx.h" /Fp"Debug\DrawImage.pch" /Fo"Debug\\" /Fd"Debug\vc100.pdb" /Gd /TP /analyze- /errorReport:prompt DrawImageView.cpp
         DrawImageView.cpp
       ResourceCompile:
         所有输出均为最新。
       ManifestResourceCompile:
         所有输出均为最新。
       Link:
         d:\Program Files (x86)\VS2010\VC\bin\link.exe /ERRORREPORT:PROMPT /OUT:"E:\MFC项目\DrawImage\Debug\DrawImage.exe" /INCREMENTAL /NOLOGO opencv_ml249.lib opencv_calib3d249.lib opencv_contrib249.lib opencv_core249.lib opencv_features2d249.lib opencv_flann249.lib opencv_gpu249.lib opencv_highgui249.lib opencv_imgproc249.lib opencv_legacy249.lib opencv_objdetect249.lib opencv_ts249.lib opencv_video249.lib opencv_nonfree249.lib opencv_ocl249.lib opencv_photo249.lib opencv_stitching249.lib opencv_superres249.lib opencv_videostab249.lib /MANIFEST /ManifestFile:"Debug\DrawImage.exe.intermediate.manifest" /MANIFESTUAC:"level='asInvoker' uiAccess='false'" /DEBUG /PDB:"E:\MFC项目\DrawImage\Debug\DrawImage.pdb" /SUBSYSTEM:WINDOWS /TLBID:1 /DYNAMICBASE /NXCOMPAT /IMPLIB:"E:\MFC项目\DrawImage\Debug\DrawImage.lib" /MACHINE:X86 Debug\DrawImage.res
         Debug\DrawImage.exe.embed.manifest.res
         Debug\ClassView.obj
         Debug\CvvImage.obj
         Debug\DrawImage.obj
         Debug\DrawImageDoc.obj
         Debug\DrawImageView.obj
         Debug\FileView.obj
         Debug\MainFrm.obj
         Debug\MyFormDlg.obj
         Debug\OutputWnd.obj
         Debug\PropertiesWnd.obj
         Debug\stdafx.obj
         Debug\ViewTree.obj
       Manifest:
         C:\Program Files (x86)\Microsoft SDKs\Windows\v7.0A\bin\mt.exe /nologo /verbose /out:"Debug\DrawImage.exe.embed.manifest" /manifest Debug\DrawImage.exe.intermediate.manifest "d:\Program Files (x86)\VS2010\VC\Include\Manifest\dpiaware.manifest"
         所有输出均为最新。
       LinkEmbedManifest:
         所有输出均为最新。
         DrawImage.vcxproj -> E:\MFC项目\DrawImage\Debug\DrawImage.exe
       FinalizeBuildStatus:
         正在删除文件“Debug\DrawImage.unsuccessfulbuild”。
         正在对“Debug\DrawImage.lastbuildstate”执行 Touch 任务。
     1>已完成生成项目“E:\MFC项目\DrawImage\DrawImage\DrawImage.vcxproj”(build 个目标)的操作。

生成成功。

已用时间 00:00:03.08
